[Sat Aug 20 13:35:43 2016] [debug] Creating new user admin with password baowang
[Sat Aug 20 13:36:20 2016] [debug] Worker 55160 started
[Sat Aug 20 13:36:20 2016] [debug] Checking worker registry and job queue
[Sat Aug 20 13:36:20 2016] [fatal] Worker error: Can't locate object method "missing_after" via package "Minion" at /Users/huanggaoming/perl5/lib/perl5/Minion/Backend/File.pm line 114.

[Sat Aug 20 13:36:37 2016] [info] Listening at "http://*:8080".
[Sat Aug 20 13:36:37 2016] [info] Manager 55174 started.
[Sat Aug 20 13:36:37 2016] [debug] Worker 55178 started.
[Sat Aug 20 13:36:37 2016] [info] Creating process id file "/tmp/jobcontrol.pid".
[Sat Aug 20 13:36:37 2016] [debug] Worker 55180 started.
[Sat Aug 20 13:36:37 2016] [debug] Worker 55179 started.
[Sat Aug 20 13:36:37 2016] [debug] Worker 55181 started.
[Sat Aug 20 13:37:01 2016] [debug] GET "/".
[Sat Aug 20 13:37:01 2016] [debug] Routing to controller "Rex::JobControl::Dashboard" and action "prepare_stash".
[Sat Aug 20 13:37:01 2016] [debug] Routing to controller "Rex::JobControl::Dashboard" and action "check_login".
[Sat Aug 20 13:37:01 2016] [debug] 302 Found (0.007862s, 127.194/s).
[Sat Aug 20 13:37:01 2016] [debug] GET "/login".
[Sat Aug 20 13:37:01 2016] [debug] Routing to controller "Rex::JobControl::Dashboard" and action "prepare_stash".
[Sat Aug 20 13:37:01 2016] [debug] Routing to controller "Rex::JobControl::Dashboard" and action "login".
[Sat Aug 20 13:37:01 2016] [debug] Rendering template "dashboard/login.html.ep".
[Sat Aug 20 13:37:01 2016] [debug] Rendering template "layouts/login.html.ep".
[Sat Aug 20 13:37:01 2016] [debug] 200 OK (0.008473s, 118.022/s).
[Sat Aug 20 13:37:07 2016] [debug] POST "/login".
[Sat Aug 20 13:37:07 2016] [debug] Routing to controller "Rex::JobControl::Dashboard" and action "prepare_stash".
[Sat Aug 20 13:37:07 2016] [debug] Routing to controller "Rex::JobControl::Dashboard" and action "login_post".
[Sat Aug 20 13:37:07 2016] [debug] 302 Found (0.010912s, 91.642/s).
[Sat Aug 20 13:37:07 2016] [debug] GET "/login".
[Sat Aug 20 13:37:07 2016] [debug] Routing to controller "Rex::JobControl::Dashboard" and action "prepare_stash".
[Sat Aug 20 13:37:07 2016] [debug] Routing to controller "Rex::JobControl::Dashboard" and action "login".
[Sat Aug 20 13:37:07 2016] [debug] Rendering cached template "dashboard/login.html.ep".
[Sat Aug 20 13:37:07 2016] [debug] Rendering cached template "layouts/login.html.ep".
[Sat Aug 20 13:37:07 2016] [debug] 200 OK (0.004002s, 249.875/s).
[Sat Aug 20 13:37:18 2016] [debug] POST "/login".
[Sat Aug 20 13:37:18 2016] [debug] Routing to controller "Rex::JobControl::Dashboard" and action "prepare_stash".
[Sat Aug 20 13:37:18 2016] [debug] Routing to controller "Rex::JobControl::Dashboard" and action "login_post".
[Sat Aug 20 13:37:18 2016] [debug] 302 Found (0.003471s, 288.101/s).
[Sat Aug 20 13:37:18 2016] [debug] GET "/".
[Sat Aug 20 13:37:18 2016] [debug] Routing to controller "Rex::JobControl::Dashboard" and action "prepare_stash".
[Sat Aug 20 13:37:18 2016] [debug] Routing to controller "Rex::JobControl::Dashboard" and action "check_login".
[Sat Aug 20 13:37:18 2016] [debug] 302 Found (0.003664s, 272.926/s).
[Sat Aug 20 13:37:18 2016] [debug] GET "/login".
[Sat Aug 20 13:37:18 2016] [debug] Routing to controller "Rex::JobControl::Dashboard" and action "prepare_stash".
[Sat Aug 20 13:37:18 2016] [debug] Routing to controller "Rex::JobControl::Dashboard" and action "login".
[Sat Aug 20 13:37:18 2016] [debug] Rendering cached template "dashboard/login.html.ep".
[Sat Aug 20 13:37:18 2016] [debug] Rendering cached template "layouts/login.html.ep".
[Sat Aug 20 13:37:18 2016] [debug] 200 OK (0.002882s, 346.981/s).
[Sat Aug 20 13:37:26 2016] [debug] POST "/login".
[Sat Aug 20 13:37:26 2016] [debug] Routing to controller "Rex::JobControl::Dashboard" and action "prepare_stash".
[Sat Aug 20 13:37:26 2016] [debug] Routing to controller "Rex::JobControl::Dashboard" and action "login_post".
[Sat Aug 20 13:37:26 2016] [debug] 302 Found (0.006476s, 154.416/s).
[Sat Aug 20 13:37:26 2016] [debug] GET "/login".
[Sat Aug 20 13:37:26 2016] [debug] Routing to controller "Rex::JobControl::Dashboard" and action "prepare_stash".
[Sat Aug 20 13:37:26 2016] [debug] Routing to controller "Rex::JobControl::Dashboard" and action "login".
[Sat Aug 20 13:37:26 2016] [debug] Rendering cached template "dashboard/login.html.ep".
[Sat Aug 20 13:37:26 2016] [debug] Rendering cached template "layouts/login.html.ep".
[Sat Aug 20 13:37:26 2016] [debug] 200 OK (0.005270s, 189.753/s).
[Sat Aug 20 13:39:07 2016] [debug] POST "/login".
[Sat Aug 20 13:39:07 2016] [debug] Routing to controller "Rex::JobControl::Dashboard" and action "prepare_stash".
[Sat Aug 20 13:39:07 2016] [debug] Routing to controller "Rex::JobControl::Dashboard" and action "login_post".
[Sat Aug 20 13:39:07 2016] [debug] 302 Found (0.013473s, 74.223/s).
[Sat Aug 20 13:39:07 2016] [debug] GET "/login".
[Sat Aug 20 13:39:07 2016] [debug] Routing to controller "Rex::JobControl::Dashboard" and action "prepare_stash".
[Sat Aug 20 13:39:07 2016] [debug] Routing to controller "Rex::JobControl::Dashboard" and action "login".
[Sat Aug 20 13:39:07 2016] [debug] Rendering template "dashboard/login.html.ep".
[Sat Aug 20 13:39:07 2016] [debug] Rendering template "layouts/login.html.ep".
[Sat Aug 20 13:39:07 2016] [debug] 200 OK (0.008029s, 124.549/s).
[Sat Aug 20 13:39:38 2016] [debug] Creating new user admin with password baowang
[Sat Aug 20 13:39:51 2016] [debug] POST "/login".
[Sat Aug 20 13:39:51 2016] [debug] Routing to controller "Rex::JobControl::Dashboard" and action "prepare_stash".
[Sat Aug 20 13:39:51 2016] [debug] Routing to controller "Rex::JobControl::Dashboard" and action "login_post".
[Sat Aug 20 13:39:51 2016] [debug] 302 Found (0.012369s, 80.847/s).
[Sat Aug 20 13:39:51 2016] [debug] GET "/".
[Sat Aug 20 13:39:51 2016] [debug] Routing to controller "Rex::JobControl::Dashboard" and action "prepare_stash".
[Sat Aug 20 13:39:51 2016] [debug] Routing to controller "Rex::JobControl::Dashboard" and action "check_login".
[Sat Aug 20 13:39:51 2016] [debug] 302 Found (0.002068s, 483.559/s).
[Sat Aug 20 13:39:52 2016] [debug] GET "/login".
[Sat Aug 20 13:39:52 2016] [debug] Routing to controller "Rex::JobControl::Dashboard" and action "prepare_stash".
[Sat Aug 20 13:39:52 2016] [debug] Routing to controller "Rex::JobControl::Dashboard" and action "login".
[Sat Aug 20 13:39:52 2016] [debug] Rendering template "dashboard/login.html.ep".
[Sat Aug 20 13:39:52 2016] [debug] Rendering template "layouts/login.html.ep".
[Sat Aug 20 13:39:52 2016] [debug] 200 OK (0.008159s, 122.564/s).
[Sat Aug 20 13:40:06 2016] [debug] POST "/login".
[Sat Aug 20 13:40:06 2016] [debug] Routing to controller "Rex::JobControl::Dashboard" and action "prepare_stash".
[Sat Aug 20 13:40:06 2016] [debug] Routing to controller "Rex::JobControl::Dashboard" and action "login_post".
[Sat Aug 20 13:40:06 2016] [debug] 302 Found (0.006466s, 154.655/s).
[Sat Aug 20 13:40:06 2016] [debug] GET "/".
[Sat Aug 20 13:40:06 2016] [debug] Routing to controller "Rex::JobControl::Dashboard" and action "prepare_stash".
[Sat Aug 20 13:40:06 2016] [debug] Routing to controller "Rex::JobControl::Dashboard" and action "check_login".
[Sat Aug 20 13:40:06 2016] [debug] 302 Found (0.004384s, 228.102/s).
[Sat Aug 20 13:40:06 2016] [debug] GET "/login".
[Sat Aug 20 13:40:06 2016] [debug] Routing to controller "Rex::JobControl::Dashboard" and action "prepare_stash".
[Sat Aug 20 13:40:06 2016] [debug] Routing to controller "Rex::JobControl::Dashboard" and action "login".
[Sat Aug 20 13:40:06 2016] [debug] Rendering cached template "dashboard/login.html.ep".
[Sat Aug 20 13:40:06 2016] [debug] Rendering cached template "layouts/login.html.ep".
[Sat Aug 20 13:40:06 2016] [debug] 200 OK (0.005079s, 196.889/s).
[Sat Aug 20 13:40:17 2016] [debug] POST "/login".
[Sat Aug 20 13:40:17 2016] [debug] Routing to controller "Rex::JobControl::Dashboard" and action "prepare_stash".
[Sat Aug 20 13:40:17 2016] [debug] Routing to controller "Rex::JobControl::Dashboard" and action "login_post".
[Sat Aug 20 13:40:17 2016] [debug] 302 Found (0.006087s, 164.285/s).
[Sat Aug 20 13:40:17 2016] [debug] GET "/login".
[Sat Aug 20 13:40:17 2016] [debug] Routing to controller "Rex::JobControl::Dashboard" and action "prepare_stash".
[Sat Aug 20 13:40:17 2016] [debug] Routing to controller "Rex::JobControl::Dashboard" and action "login".
[Sat Aug 20 13:40:17 2016] [debug] Rendering cached template "dashboard/login.html.ep".
[Sat Aug 20 13:40:17 2016] [debug] Rendering cached template "layouts/login.html.ep".
[Sat Aug 20 13:40:17 2016] [debug] 200 OK (0.005560s, 179.856/s).
[Sat Aug 20 13:40:22 2016] [debug] GET "/".
[Sat Aug 20 13:40:22 2016] [debug] Routing to controller "Rex::JobControl::Dashboard" and action "prepare_stash".
[Sat Aug 20 13:40:22 2016] [debug] Routing to controller "Rex::JobControl::Dashboard" and action "check_login".
[Sat Aug 20 13:40:22 2016] [debug] 302 Found (0.002762s, 362.056/s).
[Sat Aug 20 13:40:22 2016] [debug] GET "/login".
[Sat Aug 20 13:40:22 2016] [debug] Routing to controller "Rex::JobControl::Dashboard" and action "prepare_stash".
[Sat Aug 20 13:40:22 2016] [debug] Routing to controller "Rex::JobControl::Dashboard" and action "login".
[Sat Aug 20 13:40:22 2016] [debug] Rendering cached template "dashboard/login.html.ep".
[Sat Aug 20 13:40:22 2016] [debug] Rendering cached template "layouts/login.html.ep".
[Sat Aug 20 13:40:22 2016] [debug] 200 OK (0.003517s, 284.333/s).
[Sat Aug 20 13:40:30 2016] [debug] POST "/login".
[Sat Aug 20 13:40:30 2016] [debug] Routing to controller "Rex::JobControl::Dashboard" and action "prepare_stash".
[Sat Aug 20 13:40:30 2016] [debug] Routing to controller "Rex::JobControl::Dashboard" and action "login_post".
[Sat Aug 20 13:40:30 2016] [debug] 302 Found (0.002743s, 364.564/s).
[Sat Aug 20 13:40:30 2016] [debug] GET "/login".
[Sat Aug 20 13:40:30 2016] [debug] Routing to controller "Rex::JobControl::Dashboard" and action "prepare_stash".
[Sat Aug 20 13:40:30 2016] [debug] Routing to controller "Rex::JobControl::Dashboard" and action "login".
[Sat Aug 20 13:40:30 2016] [debug] Rendering cached template "dashboard/login.html.ep".
[Sat Aug 20 13:40:30 2016] [debug] Rendering cached template "layouts/login.html.ep".
[Sat Aug 20 13:40:30 2016] [debug] 200 OK (0.001930s, 518.135/s).
[Sat Aug 20 14:26:21 2016] [debug] GET "/project".
[Sat Aug 20 14:26:21 2016] [error] Event "read" failed: Can't locate object method "reply" via package "Mojolicious::Renderer::Helpers::4bf01aca05526a742c7d12e1bcbfba49" at /Users/huanggaoming/perl5/lib/perl5/Mojolicious.pm line 197.

[Sat Aug 20 14:26:26 2016] [debug] GET "/".
[Sat Aug 20 14:26:26 2016] [debug] Routing to controller "Rex::JobControl::Dashboard" and action "prepare_stash".
[Sat Aug 20 14:26:26 2016] [debug] Routing to controller "Rex::JobControl::Dashboard" and action "check_login".
[Sat Aug 20 14:26:26 2016] [debug] 302 Found (0.004468s, 223.814/s).
[Sat Aug 20 14:26:26 2016] [debug] GET "/login".
[Sat Aug 20 14:26:26 2016] [debug] Routing to controller "Rex::JobControl::Dashboard" and action "prepare_stash".
[Sat Aug 20 14:26:26 2016] [debug] Routing to controller "Rex::JobControl::Dashboard" and action "login".
[Sat Aug 20 14:26:26 2016] [debug] Rendering cached template "dashboard/login.html.ep".
[Sat Aug 20 14:26:26 2016] [debug] Rendering cached template "layouts/login.html.ep".
[Sat Aug 20 14:26:26 2016] [debug] 200 OK (0.003774s, 264.971/s).
[Sat Aug 20 14:27:22 2016] [info] Everything seems ok.
[Sat Aug 20 14:27:30 2016] [debug] POST "/login".
[Sat Aug 20 14:27:30 2016] [debug] Routing to controller "Rex::JobControl::Dashboard" and action "prepare_stash".
[Sat Aug 20 14:27:30 2016] [debug] Routing to controller "Rex::JobControl::Dashboard" and action "login_post".
[Sat Aug 20 14:27:30 2016] [debug] 302 Found (0.006231s, 160.488/s).
[Sat Aug 20 14:27:30 2016] [debug] GET "/login".
[Sat Aug 20 14:27:30 2016] [debug] Routing to controller "Rex::JobControl::Dashboard" and action "prepare_stash".
[Sat Aug 20 14:27:30 2016] [debug] Routing to controller "Rex::JobControl::Dashboard" and action "login".
[Sat Aug 20 14:27:30 2016] [debug] Rendering cached template "dashboard/login.html.ep".
[Sat Aug 20 14:27:30 2016] [debug] Rendering cached template "layouts/login.html.ep".
[Sat Aug 20 14:27:30 2016] [debug] 200 OK (0.003737s, 267.594/s).
[Sat Aug 20 14:27:37 2016] [debug] POST "/login".
[Sat Aug 20 14:27:37 2016] [debug] Routing to controller "Rex::JobControl::Dashboard" and action "prepare_stash".
[Sat Aug 20 14:27:37 2016] [debug] Routing to controller "Rex::JobControl::Dashboard" and action "login_post".
[Sat Aug 20 14:27:37 2016] [debug] 302 Found (0.002718s, 367.918/s).
[Sat Aug 20 14:27:37 2016] [debug] GET "/login".
[Sat Aug 20 14:27:37 2016] [debug] Routing to controller "Rex::JobControl::Dashboard" and action "prepare_stash".
[Sat Aug 20 14:27:37 2016] [debug] Routing to controller "Rex::JobControl::Dashboard" and action "login".
[Sat Aug 20 14:27:37 2016] [debug] Rendering cached template "dashboard/login.html.ep".
[Sat Aug 20 14:27:37 2016] [debug] Rendering cached template "layouts/login.html.ep".
[Sat Aug 20 14:27:37 2016] [debug] 200 OK (0.001987s, 503.271/s).
[Sat Aug 20 14:35:23 2016] [debug] POST "/login".
[Sat Aug 20 14:35:23 2016] [debug] Routing to controller "Rex::JobControl::Dashboard" and action "prepare_stash".
[Sat Aug 20 14:35:23 2016] [debug] Routing to controller "Rex::JobControl::Dashboard" and action "login_post".
[Sat Aug 20 14:35:23 2016] [debug] 302 Found (0.008224s, 121.595/s).
[Sat Aug 20 14:35:23 2016] [debug] GET "/login".
[Sat Aug 20 14:35:23 2016] [debug] Routing to controller "Rex::JobControl::Dashboard" and action "prepare_stash".
[Sat Aug 20 14:35:24 2016] [debug] Routing to controller "Rex::JobControl::Dashboard" and action "login".
[Sat Aug 20 14:35:24 2016] [debug] Rendering cached template "dashboard/login.html.ep".
[Sat Aug 20 14:35:24 2016] [debug] Rendering cached template "layouts/login.html.ep".
[Sat Aug 20 14:35:24 2016] [debug] 200 OK (0.002541s, 393.546/s).
[Sat Aug 20 14:35:29 2016] [debug] POST "/login".
[Sat Aug 20 14:35:29 2016] [debug] Routing to controller "Rex::JobControl::Dashboard" and action "prepare_stash".
[Sat Aug 20 14:35:29 2016] [debug] Routing to controller "Rex::JobControl::Dashboard" and action "login_post".
[Sat Aug 20 14:35:29 2016] [debug] 302 Found (0.003519s, 284.172/s).
[Sat Aug 20 14:35:29 2016] [debug] GET "/login".
[Sat Aug 20 14:35:29 2016] [debug] Routing to controller "Rex::JobControl::Dashboard" and action "prepare_stash".
[Sat Aug 20 14:35:29 2016] [debug] Routing to controller "Rex::JobControl::Dashboard" and action "login".
[Sat Aug 20 14:35:29 2016] [debug] Rendering cached template "dashboard/login.html.ep".
[Sat Aug 20 14:35:29 2016] [debug] Rendering cached template "layouts/login.html.ep".
[Sat Aug 20 14:35:29 2016] [debug] 200 OK (0.006737s, 148.434/s).
[Sat Aug 20 14:37:08 2016] [debug] Creating new user admin with password admin
[Sat Aug 20 14:37:28 2016] [debug] POST "/login".
[Sat Aug 20 14:37:28 2016] [debug] Routing to controller "Rex::JobControl::Dashboard" and action "prepare_stash".
[Sat Aug 20 14:37:28 2016] [debug] Routing to controller "Rex::JobControl::Dashboard" and action "login_post".
[Sat Aug 20 14:37:28 2016] [debug] 302 Found (0.017438s, 57.346/s).
[Sat Aug 20 14:37:28 2016] [debug] GET "/".
[Sat Aug 20 14:37:28 2016] [debug] Routing to controller "Rex::JobControl::Dashboard" and action "prepare_stash".
[Sat Aug 20 14:37:28 2016] [debug] Routing to controller "Rex::JobControl::Dashboard" and action "check_login".
[Sat Aug 20 14:37:28 2016] [debug] 302 Found (0.002493s, 401.123/s).
[Sat Aug 20 14:37:28 2016] [debug] GET "/login".
[Sat Aug 20 14:37:28 2016] [debug] Routing to controller "Rex::JobControl::Dashboard" and action "prepare_stash".
[Sat Aug 20 14:37:28 2016] [debug] Routing to controller "Rex::JobControl::Dashboard" and action "login".
[Sat Aug 20 14:37:28 2016] [debug] Rendering template "dashboard/login.html.ep".
[Sat Aug 20 14:37:28 2016] [debug] Rendering template "layouts/login.html.ep".
[Sat Aug 20 14:37:28 2016] [debug] 200 OK (0.011867s, 84.267/s).
[Sat Aug 20 14:41:49 2016] [debug] POST "/login".
[Sat Aug 20 14:41:49 2016] [debug] Routing to controller "Rex::JobControl::Dashboard" and action "prepare_stash".
[Sat Aug 20 14:41:49 2016] [debug] Routing to controller "Rex::JobControl::Dashboard" and action "login_post".
[Sat Aug 20 14:41:49 2016] [debug] 302 Found (0.007911s, 126.406/s).
[Sat Aug 20 14:41:49 2016] [debug] GET "/".
[Sat Aug 20 14:41:49 2016] [debug] Routing to controller "Rex::JobControl::Dashboard" and action "prepare_stash".
[Sat Aug 20 14:41:49 2016] [debug] Routing to controller "Rex::JobControl::Dashboard" and action "check_login".
[Sat Aug 20 14:41:49 2016] [debug] 302 Found (0.002109s, 474.158/s).
[Sat Aug 20 14:41:49 2016] [debug] GET "/login".
[Sat Aug 20 14:41:49 2016] [debug] Routing to controller "Rex::JobControl::Dashboard" and action "prepare_stash".
[Sat Aug 20 14:41:49 2016] [debug] Routing to controller "Rex::JobControl::Dashboard" and action "login".
[Sat Aug 20 14:41:49 2016] [debug] Rendering cached template "dashboard/login.html.ep".
[Sat Aug 20 14:41:49 2016] [debug] Rendering cached template "layouts/login.html.ep".
[Sat Aug 20 14:41:49 2016] [debug] 200 OK (0.003709s, 269.614/s).
[Sat Aug 20 14:42:30 2016] [debug] POST "/login".
[Sat Aug 20 14:42:30 2016] [debug] Routing to controller "Rex::JobControl::Dashboard" and action "prepare_stash".
[Sat Aug 20 14:42:30 2016] [debug] Routing to controller "Rex::JobControl::Dashboard" and action "login_post".
[Sat Aug 20 14:42:30 2016] [debug] 302 Found (0.007044s, 141.965/s).
[Sat Aug 20 14:42:30 2016] [debug] GET "/".
[Sat Aug 20 14:42:30 2016] [debug] Routing to controller "Rex::JobControl::Dashboard" and action "prepare_stash".
[Sat Aug 20 14:42:30 2016] [debug] Routing to controller "Rex::JobControl::Dashboard" and action "check_login".
[Sat Aug 20 14:42:30 2016] [debug] 302 Found (0.006590s, 151.745/s).
[Sat Aug 20 14:42:30 2016] [debug] GET "/login".
[Sat Aug 20 14:42:30 2016] [debug] Routing to controller "Rex::JobControl::Dashboard" and action "prepare_stash".
[Sat Aug 20 14:42:30 2016] [debug] Routing to controller "Rex::JobControl::Dashboard" and action "login".
[Sat Aug 20 14:42:30 2016] [debug] Rendering cached template "dashboard/login.html.ep".
[Sat Aug 20 14:42:30 2016] [debug] Rendering cached template "layouts/login.html.ep".
[Sat Aug 20 14:42:30 2016] [debug] 200 OK (0.006081s, 164.447/s).
[Sat Aug 20 14:44:23 2016] [debug] POST "/login".
[Sat Aug 20 14:44:23 2016] [debug] Routing to controller "Rex::JobControl::Dashboard" and action "prepare_stash".
[Sat Aug 20 14:44:23 2016] [debug] Routing to controller "Rex::JobControl::Dashboard" and action "login_post".
[Sat Aug 20 14:44:23 2016] [debug] 302 Found (0.003884s, 257.467/s).
[Sat Aug 20 14:44:23 2016] [debug] GET "/".
[Sat Aug 20 14:44:23 2016] [debug] Routing to controller "Rex::JobControl::Dashboard" and action "prepare_stash".
[Sat Aug 20 14:44:23 2016] [debug] Routing to controller "Rex::JobControl::Dashboard" and action "check_login".
[Sat Aug 20 14:44:23 2016] [debug] 302 Found (0.002922s, 342.231/s).
[Sat Aug 20 14:44:23 2016] [debug] GET "/login".
[Sat Aug 20 14:44:23 2016] [debug] Routing to controller "Rex::JobControl::Dashboard" and action "prepare_stash".
[Sat Aug 20 14:44:23 2016] [debug] Routing to controller "Rex::JobControl::Dashboard" and action "login".
[Sat Aug 20 14:44:23 2016] [debug] Rendering cached template "dashboard/login.html.ep".
[Sat Aug 20 14:44:23 2016] [debug] Rendering cached template "layouts/login.html.ep".
[Sat Aug 20 14:44:23 2016] [debug] 200 OK (0.004011s, 249.314/s).
[Sat Aug 20 14:46:48 2016] [debug] POST "/login".
[Sat Aug 20 14:46:48 2016] [debug] Routing to controller "Rex::JobControl::Dashboard" and action "prepare_stash".
[Sat Aug 20 14:46:48 2016] [debug] Routing to controller "Rex::JobControl::Dashboard" and action "login_post".
[Sat Aug 20 14:46:48 2016] [debug] 302 Found (0.005781s, 172.980/s).
[Sat Aug 20 14:46:48 2016] [debug] GET "/login".
[Sat Aug 20 14:46:48 2016] [debug] Routing to controller "Rex::JobControl::Dashboard" and action "prepare_stash".
[Sat Aug 20 14:46:48 2016] [debug] Routing to controller "Rex::JobControl::Dashboard" and action "login".
[Sat Aug 20 14:46:48 2016] [debug] Rendering cached template "dashboard/login.html.ep".
[Sat Aug 20 14:46:48 2016] [debug] Rendering cached template "layouts/login.html.ep".
[Sat Aug 20 14:46:48 2016] [debug] 200 OK (0.003247s, 307.977/s).
[Sat Aug 20 14:47:52 2016] [debug] GET "/logout".
[Sat Aug 20 14:47:52 2016] [debug] Routing to controller "Rex::JobControl::Dashboard" and action "prepare_stash".
[Sat Aug 20 14:47:52 2016] [debug] Routing to controller "Rex::JobControl::Dashboard" and action "check_login".
[Sat Aug 20 14:47:52 2016] [debug] 302 Found (0.004420s, 226.244/s).
[Sat Aug 20 14:47:52 2016] [debug] GET "/login".
[Sat Aug 20 14:47:52 2016] [debug] Routing to controller "Rex::JobControl::Dashboard" and action "prepare_stash".
[Sat Aug 20 14:47:52 2016] [debug] Routing to controller "Rex::JobControl::Dashboard" and action "login".
[Sat Aug 20 14:47:52 2016] [debug] Rendering cached template "dashboard/login.html.ep".
[Sat Aug 20 14:47:52 2016] [debug] Rendering cached template "layouts/login.html.ep".
[Sat Aug 20 14:47:52 2016] [debug] 200 OK (0.003971s, 251.826/s).
[Sat Aug 20 14:47:54 2016] [debug] GET "/".
[Sat Aug 20 14:47:54 2016] [debug] Routing to controller "Rex::JobControl::Dashboard" and action "prepare_stash".
[Sat Aug 20 14:47:54 2016] [debug] Routing to controller "Rex::JobControl::Dashboard" and action "check_login".
[Sat Aug 20 14:47:54 2016] [debug] 302 Found (0.001921s, 520.562/s).
[Sat Aug 20 14:47:54 2016] [debug] GET "/login".
[Sat Aug 20 14:47:54 2016] [debug] Routing to controller "Rex::JobControl::Dashboard" and action "prepare_stash".
[Sat Aug 20 14:47:54 2016] [debug] Routing to controller "Rex::JobControl::Dashboard" and action "login".
[Sat Aug 20 14:47:54 2016] [debug] Rendering cached template "dashboard/login.html.ep".
[Sat Aug 20 14:47:54 2016] [debug] Rendering cached template "layouts/login.html.ep".
[Sat Aug 20 14:47:54 2016] [debug] 200 OK (0.004298s, 232.666/s).
[Sat Aug 20 14:47:58 2016] [debug] GET "/help".
[Sat Aug 20 14:47:58 2016] [debug] Routing to controller "Rex::JobControl::Dashboard" and action "prepare_stash".
[Sat Aug 20 14:47:58 2016] [debug] Routing to controller "Rex::JobControl::Dashboard" and action "check_login".
[Sat Aug 20 14:47:58 2016] [debug] 302 Found (0.002121s, 471.476/s).
[Sat Aug 20 14:47:58 2016] [debug] GET "/login".
[Sat Aug 20 14:47:58 2016] [debug] Routing to controller "Rex::JobControl::Dashboard" and action "prepare_stash".
[Sat Aug 20 14:47:58 2016] [debug] Routing to controller "Rex::JobControl::Dashboard" and action "login".
[Sat Aug 20 14:47:58 2016] [debug] Rendering cached template "dashboard/login.html.ep".
[Sat Aug 20 14:47:58 2016] [debug] Rendering cached template "layouts/login.html.ep".
[Sat Aug 20 14:47:58 2016] [debug] 200 OK (0.002297s, 435.350/s).
[Sat Aug 20 14:47:59 2016] [debug] GET "/help".
[Sat Aug 20 14:47:59 2016] [debug] Routing to controller "Rex::JobControl::Dashboard" and action "prepare_stash".
[Sat Aug 20 14:47:59 2016] [debug] Routing to controller "Rex::JobControl::Dashboard" and action "check_login".
[Sat Aug 20 14:47:59 2016] [debug] 302 Found (0.003428s, 291.715/s).
[Sat Aug 20 14:47:59 2016] [debug] GET "/login".
[Sat Aug 20 14:47:59 2016] [debug] Routing to controller "Rex::JobControl::Dashboard" and action "prepare_stash".
[Sat Aug 20 14:47:59 2016] [debug] Routing to controller "Rex::JobControl::Dashboard" and action "login".
[Sat Aug 20 14:47:59 2016] [debug] Rendering cached template "dashboard/login.html.ep".
[Sat Aug 20 14:47:59 2016] [debug] Rendering cached template "layouts/login.html.ep".
[Sat Aug 20 14:47:59 2016] [debug] 200 OK (0.003144s, 318.066/s).
[Sat Aug 20 14:49:15 2016] [debug] POST "/login".
[Sat Aug 20 14:49:15 2016] [debug] Routing to controller "Rex::JobControl::Dashboard" and action "prepare_stash".
[Sat Aug 20 14:49:15 2016] [debug] Routing to controller "Rex::JobControl::Dashboard" and action "login_post".
[Sat Aug 20 14:49:15 2016] [debug] 302 Found (0.004204s, 237.869/s).
[Sat Aug 20 14:49:15 2016] [debug] GET "/".
[Sat Aug 20 14:49:15 2016] [debug] Routing to controller "Rex::JobControl::Dashboard" and action "prepare_stash".
[Sat Aug 20 14:49:15 2016] [debug] Routing to controller "Rex::JobControl::Dashboard" and action "check_login".
[Sat Aug 20 14:49:15 2016] [debug] 302 Found (0.001711s, 584.454/s).
[Sat Aug 20 14:49:15 2016] [debug] GET "/login".
[Sat Aug 20 14:49:15 2016] [debug] Routing to controller "Rex::JobControl::Dashboard" and action "prepare_stash".
[Sat Aug 20 14:49:15 2016] [debug] Routing to controller "Rex::JobControl::Dashboard" and action "login".
[Sat Aug 20 14:49:15 2016] [debug] Rendering cached template "dashboard/login.html.ep".
[Sat Aug 20 14:49:15 2016] [debug] Rendering cached template "layouts/login.html.ep".
[Sat Aug 20 14:49:15 2016] [debug] 200 OK (0.002006s, 498.504/s).
[Sat Aug 20 14:49:48 2016] [debug] Worker 55181 stopped.
[Sat Aug 20 14:49:48 2016] [debug] Worker 55180 stopped.
[Sat Aug 20 14:49:48 2016] [debug] Worker 55179 stopped.
[Sat Aug 20 14:49:48 2016] [debug] Worker 55178 stopped.
[Sat Aug 20 14:50:31 2016] [info] Listening at "http://*:3000".
[Sat Aug 20 14:50:43 2016] [debug] GET "/".
[Sat Aug 20 14:50:43 2016] [debug] Routing to controller "Rex::JobControl::Dashboard" and action "prepare_stash".
[Sat Aug 20 14:50:43 2016] [debug] Routing to controller "Rex::JobControl::Dashboard" and action "check_login".
[Sat Aug 20 14:50:43 2016] [debug] 302 Found (0.005546s, 180.310/s).
[Sat Aug 20 14:50:43 2016] [debug] GET "/login".
[Sat Aug 20 14:50:43 2016] [debug] Routing to controller "Rex::JobControl::Dashboard" and action "prepare_stash".
[Sat Aug 20 14:50:43 2016] [debug] Routing to controller "Rex::JobControl::Dashboard" and action "login".
[Sat Aug 20 14:50:43 2016] [debug] Rendering template "dashboard/login.html.ep".
[Sat Aug 20 14:50:43 2016] [debug] Rendering template "layouts/login.html.ep".
[Sat Aug 20 14:50:43 2016] [debug] 200 OK (0.012815s, 78.034/s).
[Sat Aug 20 14:50:44 2016] [debug] GET "/login".
[Sat Aug 20 14:50:44 2016] [debug] Routing to controller "Rex::JobControl::Dashboard" and action "prepare_stash".
[Sat Aug 20 14:50:44 2016] [debug] Routing to controller "Rex::JobControl::Dashboard" and action "login".
[Sat Aug 20 14:50:44 2016] [debug] Rendering cached template "dashboard/login.html.ep".
[Sat Aug 20 14:50:44 2016] [debug] Rendering cached template "layouts/login.html.ep".
[Sat Aug 20 14:50:44 2016] [debug] 200 OK (0.002285s, 437.637/s).
[Sat Aug 20 14:50:50 2016] [debug] POST "/login".
[Sat Aug 20 14:50:50 2016] [debug] Routing to controller "Rex::JobControl::Dashboard" and action "prepare_stash".
[Sat Aug 20 14:50:50 2016] [debug] Routing to controller "Rex::JobControl::Dashboard" and action "login_post".
[Sat Aug 20 14:50:50 2016] [debug] 302 Found (0.003326s, 300.661/s).
[Sat Aug 20 14:50:50 2016] [debug] GET "/".
[Sat Aug 20 14:50:50 2016] [debug] Routing to controller "Rex::JobControl::Dashboard" and action "prepare_stash".
[Sat Aug 20 14:50:50 2016] [debug] Routing to controller "Rex::JobControl::Dashboard" and action "check_login".
[Sat Aug 20 14:50:50 2016] [debug] 302 Found (0.002865s, 349.040/s).
[Sat Aug 20 14:50:50 2016] [debug] GET "/login".
[Sat Aug 20 14:50:50 2016] [debug] Routing to controller "Rex::JobControl::Dashboard" and action "prepare_stash".
[Sat Aug 20 14:50:50 2016] [debug] Routing to controller "Rex::JobControl::Dashboard" and action "login".
[Sat Aug 20 14:50:50 2016] [debug] Rendering cached template "dashboard/login.html.ep".
[Sat Aug 20 14:50:50 2016] [debug] Rendering cached template "layouts/login.html.ep".
[Sat Aug 20 14:50:50 2016] [debug] 200 OK (0.002651s, 377.216/s).
[Sat Aug 20 14:51:11 2016] [debug] POST "/login".
[Sat Aug 20 14:51:11 2016] [debug] Routing to controller "Rex::JobControl::Dashboard" and action "prepare_stash".
[Sat Aug 20 14:51:11 2016] [debug] Routing to controller "Rex::JobControl::Dashboard" and action "login_post".
[Sat Aug 20 14:51:11 2016] [debug] 302 Found (0.002943s, 339.789/s).
[Sat Aug 20 14:51:11 2016] [debug] GET "/".
[Sat Aug 20 14:51:11 2016] [debug] Routing to controller "Rex::JobControl::Dashboard" and action "prepare_stash".
[Sat Aug 20 14:51:11 2016] [debug] Routing to controller "Rex::JobControl::Dashboard" and action "check_login".
[Sat Aug 20 14:51:11 2016] [debug] 302 Found (0.004108s, 243.427/s).
[Sat Aug 20 14:51:11 2016] [debug] GET "/login".
[Sat Aug 20 14:51:11 2016] [debug] Routing to controller "Rex::JobControl::Dashboard" and action "prepare_stash".
[Sat Aug 20 14:51:11 2016] [debug] Routing to controller "Rex::JobControl::Dashboard" and action "login".
[Sat Aug 20 14:51:11 2016] [debug] Rendering cached template "dashboard/login.html.ep".
[Sat Aug 20 14:51:11 2016] [debug] Rendering cached template "layouts/login.html.ep".
[Sat Aug 20 14:51:11 2016] [debug] 200 OK (0.002444s, 409.165/s).
[Sat Aug 20 14:52:42 2016] [debug] GET "/".
[Sat Aug 20 14:52:42 2016] [debug] Routing to controller "Rex::JobControl::Dashboard" and action "prepare_stash".
[Sat Aug 20 14:52:42 2016] [debug] Routing to controller "Rex::JobControl::Dashboard" and action "check_login".
[Sat Aug 20 14:52:42 2016] [debug] 302 Found (0.005225s, 191.388/s).
[Sat Aug 20 14:52:42 2016] [debug] GET "/login".
[Sat Aug 20 14:52:42 2016] [debug] Routing to controller "Rex::JobControl::Dashboard" and action "prepare_stash".
[Sat Aug 20 14:52:42 2016] [debug] Routing to controller "Rex::JobControl::Dashboard" and action "login".
[Sat Aug 20 14:52:42 2016] [debug] Rendering cached template "dashboard/login.html.ep".
[Sat Aug 20 14:52:42 2016] [debug] Rendering cached template "layouts/login.html.ep".
[Sat Aug 20 14:52:42 2016] [debug] 200 OK (0.004366s, 229.043/s).
[Sat Aug 20 14:52:47 2016] [debug] GET "/index".
[Sat Aug 20 14:52:47 2016] [error] Event "read" failed: Can't locate object method "reply" via package "Mojolicious::Renderer::Helpers::ae9986981c1dad915b093dc7c5823bff" at /Users/huanggaoming/perl5/lib/perl5/Mojolicious.pm line 197.

[Sat Aug 20 14:52:50 2016] [debug] GET "/".
[Sat Aug 20 14:52:50 2016] [debug] Routing to controller "Rex::JobControl::Dashboard" and action "prepare_stash".
[Sat Aug 20 14:52:50 2016] [debug] Routing to controller "Rex::JobControl::Dashboard" and action "check_login".
[Sat Aug 20 14:52:50 2016] [debug] 302 Found (0.003973s, 251.699/s).
[Sat Aug 20 14:52:50 2016] [debug] GET "/login".
[Sat Aug 20 14:52:50 2016] [debug] Routing to controller "Rex::JobControl::Dashboard" and action "prepare_stash".
[Sat Aug 20 14:52:50 2016] [debug] Routing to controller "Rex::JobControl::Dashboard" and action "login".
[Sat Aug 20 14:52:50 2016] [debug] Rendering cached template "dashboard/login.html.ep".
[Sat Aug 20 14:52:50 2016] [debug] Rendering cached template "layouts/login.html.ep".
[Sat Aug 20 14:52:50 2016] [debug] 200 OK (0.004636s, 215.703/s).
[Sat Aug 20 14:53:16 2016] [info] Listening at "http://*:3000".
[Sat Aug 20 14:54:19 2016] [debug] Creating new user 1 with password 1
[Sat Aug 20 14:54:44 2016] [debug] Creating new user 1 with password 1
[Sat Aug 20 14:54:55 2016] [debug] POST "/login".
[Sat Aug 20 14:54:55 2016] [debug] Routing to controller "Rex::JobControl::Dashboard" and action "prepare_stash".
[Sat Aug 20 14:54:55 2016] [debug] Routing to controller "Rex::JobControl::Dashboard" and action "login_post".
[Sat Aug 20 14:54:55 2016] [debug] 302 Found (0.005603s, 178.476/s).
[Sat Aug 20 14:54:55 2016] [debug] GET "/".
[Sat Aug 20 14:54:55 2016] [debug] Routing to controller "Rex::JobControl::Dashboard" and action "prepare_stash".
[Sat Aug 20 14:54:55 2016] [debug] Routing to controller "Rex::JobControl::Dashboard" and action "check_login".
[Sat Aug 20 14:54:55 2016] [debug] 302 Found (0.002745s, 364.299/s).
[Sat Aug 20 14:54:55 2016] [debug] GET "/login".
[Sat Aug 20 14:54:55 2016] [debug] Routing to controller "Rex::JobControl::Dashboard" and action "prepare_stash".
[Sat Aug 20 14:54:55 2016] [debug] Routing to controller "Rex::JobControl::Dashboard" and action "login".
[Sat Aug 20 14:54:55 2016] [debug] Rendering template "dashboard/login.html.ep".
[Sat Aug 20 14:54:55 2016] [debug] Rendering template "layouts/login.html.ep".
[Sat Aug 20 14:54:55 2016] [debug] 200 OK (0.006817s, 146.692/s).
[Sat Aug 20 14:56:33 2016] [debug] Creating new user baowang with password baowang
[Sat Aug 20 14:57:02 2016] [debug] Creating new user baowang with password baowang
