[Sat Aug 20 13:37:07 2016] [info] {"data":{"username":"admin"},"controller":"dashboard","package":"Rex::JobControl::Mojolicious::Plugin::Audit","action":"login_post"}
[Sat Aug 20 13:37:18 2016] [info] {"data":{"username":"admin"},"controller":"dashboard","package":"Rex::JobControl::Mojolicious::Plugin::Audit","action":"login_post"}
[Sat Aug 20 13:37:26 2016] [info] {"data":{"username":"admin"},"package":"Rex::JobControl::Mojolicious::Plugin::Audit","action":"login_post","controller":"dashboard"}
[Sat Aug 20 13:39:07 2016] [info] {"data":{"username":"admin"},"action":"login_post","package":"Rex::JobControl::Mojolicious::Plugin::Audit","controller":"dashboard"}
[Sat Aug 20 13:39:51 2016] [info] {"controller":"dashboard","package":"Rex::JobControl::Mojolicious::Plugin::Audit","action":"login_post","data":{"username":"admin"}}
[Sat Aug 20 13:40:06 2016] [info] {"data":{"username":"admin"},"controller":"dashboard","package":"Rex::JobControl::Mojolicious::Plugin::Audit","action":"login_post"}
[Sat Aug 20 13:40:17 2016] [info] {"controller":"dashboard","action":"login_post","package":"Rex::JobControl::Mojolicious::Plugin::Audit","data":{"username":"admin"}}
[Sat Aug 20 13:40:30 2016] [info] {"package":"Rex::JobControl::Mojolicious::Plugin::Audit","action":"login_post","controller":"dashboard","data":{"username":"admin"}}
[Sat Aug 20 14:27:30 2016] [info] {"controller":"dashboard","package":"Rex::JobControl::Mojolicious::Plugin::Audit","action":"login_post","data":{"username":"admin"}}
[Sat Aug 20 14:27:37 2016] [info] {"data":{"username":"admin"},"controller":"dashboard","action":"login_post","package":"Rex::JobControl::Mojolicious::Plugin::Audit"}
[Sat Aug 20 14:35:23 2016] [info] {"data":{"username":"ss"},"controller":"dashboard","action":"login_post","package":"Rex::JobControl::Mojolicious::Plugin::Audit"}
[Sat Aug 20 14:35:29 2016] [info] {"data":{"username":"admin"},"controller":"dashboard","package":"Rex::JobControl::Mojolicious::Plugin::Audit","action":"login_post"}
[Sat Aug 20 14:37:28 2016] [info] {"data":{"username":"admin"},"controller":"dashboard","action":"login_post","package":"Rex::JobControl::Mojolicious::Plugin::Audit"}
[Sat Aug 20 14:41:49 2016] [info] {"action":"login_post","package":"Rex::JobControl::Mojolicious::Plugin::Audit","controller":"dashboard","data":{"username":"admin"}}
[Sat Aug 20 14:42:30 2016] [info] {"controller":"dashboard","action":"login_post","package":"Rex::JobControl::Mojolicious::Plugin::Audit","data":{"username":"admin"}}
[Sat Aug 20 14:44:23 2016] [info] {"data":{"username":"admin"},"controller":"dashboard","action":"login_post","package":"Rex::JobControl::Mojolicious::Plugin::Audit"}
[Sat Aug 20 14:46:48 2016] [info] {"data":{"username":"admin"},"controller":"dashboard","package":"Rex::JobControl::Mojolicious::Plugin::Audit","action":"login_post"}
[Sat Aug 20 14:49:15 2016] [info] {"data":{"username":"admin"},"package":"Rex::JobControl::Mojolicious::Plugin::Audit","action":"login_post","controller":"dashboard"}
[Sat Aug 20 14:50:50 2016] [info] {"controller":"dashboard","action":"login_post","package":"Rex::JobControl::Mojolicious::Plugin::Audit","data":{"username":"admin"}}
[Sat Aug 20 14:51:11 2016] [info] {"action":"login_post","controller":"dashboard","package":"Rex::JobControl::Mojolicious::Plugin::Audit","data":{"username":"admin"}}
[Sat Aug 20 14:54:55 2016] [info] {"data":{"username":"1"},"action":"login_post","controller":"dashboard","package":"Rex::JobControl::Mojolicious::Plugin::Audit"}
