[2016-11-12 17:33:40] 下载edi: /data/www/html_edi/ => remotecomdir/softdir/edi/ 4.0K
[2016-11-12 17:33:40] 下载edi: /data/www/ins_share/ => remotecomdir/configuredir/edi/ 4.0K
[2016-11-12 17:33:47] 下载robot: /data/www/html_robot/ => remotecomdir/softdir/robot/ 4.0K
[2016-11-12 17:33:47] 下载robot: /data/www/ins_share/ => remotecomdir/configuredir/robot/ 4.0K
[2016-11-12 17:33:53] 下载vxplat: /data/www/html_vxplat/ => remotecomdir/softdir/vxplat/ 4.0K
[2016-11-12 17:33:53] 下载vxplat: /data/www/html_vxplat/vxplat/WEB-INF/classes/ => remotecomdir/configuredir/vxplat/ 4.0K
[2016-11-12 17:34:27] 下载edi: /data/www/html_edi/ => remotecomdir/softdir/edi/ 51M
[2016-11-12 17:34:27] 下载edi: /data/www/ins_share/ => remotecomdir/configuredir/edi/ 72K
[2016-11-12 17:34:43] 下载robot: /data/www/html_robot/ => remotecomdir/softdir/robot/ 381M
[2016-11-12 17:34:43] 下载robot: /data/www/ins_share/ => remotecomdir/configuredir/robot/ 1.5M
[2016-11-12 17:34:56] 下载vxplat: /data/www/html_vxplat/ => remotecomdir/softdir/vxplat/ 228M
[2016-11-12 17:34:56] 下载vxplat: /data/www/html_vxplat/vxplat/WEB-INF/classes/ => remotecomdir/configuredir/vxplat/ 12M
[2016-11-12 17:35:04] 下载payment: /data/www/html_pay/ => remotecomdir/softdir/payment/ 65M
[2016-11-12 17:35:04] 下载payment: /data/www/html_pay/payment/WEB-INF/classes/ => remotecomdir/configuredir/payment/ 1.8M
[2016-11-12 17:35:13] 下载openfire: /usr/local/openfire/ => remotecomdir/softdir/openfire/ 38M
[2016-11-12 17:35:13] 下载openfire: /usr/local/openfire/ => remotecomdir/configuredir/openfire/ 38M
[2016-11-12 17:35:24] 下载chn: /data/www/html_qudao/ => remotecomdir/softdir/chn/ 127M
[2016-11-12 17:35:24] 下载chn: /data/www/html_qudao/chn/WEB-INF/classes/ => remotecomdir/configuredir/chn/ 65M
[2016-11-12 17:35:32] 下载rule: /data/www/html/ => remotecomdir/softdir/rule/ 62M
[2016-11-12 17:35:32] 下载rule: /data/www/ins_share/ => remotecomdir/configuredir/rule/ 32K
[2016-11-12 17:35:39] 下载newprocess: /data/www/newprocess/ => remotecomdir/softdir/newprocess/ 6.9M
[2016-11-12 17:35:39] 下载newprocess: /data/www/newprocess/common/ => remotecomdir/configuredir/newprocess/ 424K
[2016-11-12 17:35:49] 下载mini-app: /data/www/html/ => remotecomdir/softdir/mini-app/ 47M
[2016-11-12 17:35:49] 下载mini-app: /data/www/html/ => remotecomdir/configuredir/mini-app/ 47M
[2016-11-12 17:36:02] 下载app-test: /data/www/app/ => remotecomdir/softdir/app-test/ 65M
[2016-11-12 17:36:02] 下载app-test: /data/www/app/zhangzb/WEB-INF/classes/ => remotecomdir/configuredir/app-test/ 172K
[2016-11-12 17:36:04] 下载ccm: /data/www/cm/ => remotecomdir/softdir/ccm/ 112M
[2016-11-12 17:36:04] 下载ccm: /data/www/ins_share/ => remotecomdir/configuredir/ccm/ 208K
[2016-11-12 17:36:06] 下载cm2: /data/www/cm/ => remotecomdir/softdir/cm2/ 112M
[2016-11-12 17:36:06] 下载cm2: /data/www/ins_share/ => remotecomdir/configuredir/cm2/ 228K
[2016-11-12 17:36:06] 下载cm1: /data/www/cm/ => remotecomdir/softdir/cm1/ 112M
[2016-11-12 17:36:06] 下载cm1: /data/www/ins_share/ => remotecomdir/configuredir/cm1/ 240K
[2016-11-12 17:36:09] 下载mini-cm: /data/www/cm/ => remotecomdir/softdir/mini-cm/ 112M
[2016-11-12 17:36:09] 下载mini-cm: /data/www/ins_share/ => remotecomdir/configuredir/mini-cm/ 240K
[2016-11-12 17:36:17] 下载edi: /data/www/html_edi/ => remotecomdir/softdir/edi/ 51M
[2016-11-12 17:36:17] 下载edi: /data/www/ins_share/ => remotecomdir/configuredir/edi/ 72K
[2016-11-12 17:36:17] 下载robot: /data/www/html_robot/ => remotecomdir/softdir/robot/ 381M
[2016-11-12 17:36:17] 下载robot: /data/www/ins_share/ => remotecomdir/configuredir/robot/ 1.5M
[2016-11-12 17:36:20] 下载app1: /data/www/app/ => remotecomdir/softdir/app1/ 40M
[2016-11-12 17:36:20] 下载app1: /data/www/app/zhangzb/ => remotecomdir/configuredir/app1/ 40M
[2016-11-12 17:36:21] 下载app2: /data/www/app/ => remotecomdir/softdir/app2/ 40M
[2016-11-12 17:36:21] 下载app2: /data/www/app/zhangzb/ => remotecomdir/configuredir/app2/ 40M
[2016-11-12 17:36:21] 下载wf1: /data/www/workflow/ => remotecomdir/softdir/wf1/ 87M
[2016-11-12 17:36:21] 下载wf1: /data/www/workflow/WEB-INF/classes/config/ => remotecomdir/configuredir/wf1/ 44K
[2016-11-12 17:36:29] 下载payment: /data/www/html_pay/ => remotecomdir/softdir/payment/ 65M
[2016-11-12 17:36:29] 下载payment: /data/www/html_pay/payment/WEB-INF/classes/ => remotecomdir/configuredir/payment/ 1.8M
[2016-11-12 17:36:30] 下载vxplat: /data/www/html_vxplat/ => remotecomdir/softdir/vxplat/ 228M
[2016-11-12 17:36:30] 下载vxplat: /data/www/html_vxplat/vxplat/WEB-INF/classes/ => remotecomdir/configuredir/vxplat/ 12M
[2016-11-12 17:36:30] 下载openfire: /usr/local/openfire/ => remotecomdir/softdir/openfire/ 39M
[2016-11-12 17:36:30] 下载openfire: /usr/local/openfire/ => remotecomdir/configuredir/openfire/ 39M
[2016-11-12 17:36:31] 下载wf2: /data/www/workflow/ => remotecomdir/softdir/wf2/ 87M
[2016-11-12 17:36:31] 下载wf2: /data/www/workflow/WEB-INF/classes/config/ => remotecomdir/configuredir/wf2/ 44K
[2016-11-12 17:36:31] 下载dispatch1: /data/www/dispatch/ => remotecomdir/softdir/dispatch1/ 35M
[2016-11-12 17:36:31] 下载dispatch1: /data/www/dispatch/WEB-INF/classes/conf/ => remotecomdir/configuredir/dispatch1/ 1.2M
[2016-11-12 17:36:39] 下载chn: /data/www/html_qudao/ => remotecomdir/softdir/chn/ 127M
[2016-11-12 17:36:39] 下载chn: /data/www/html_qudao/chn/WEB-INF/classes/ => remotecomdir/configuredir/chn/ 65M
[2016-11-12 17:36:40] 下载rule: /data/www/html/ => remotecomdir/softdir/rule/ 62M
[2016-11-12 17:36:40] 下载rule: /data/www/ins_share/ => remotecomdir/configuredir/rule/ 32K
[2016-11-12 17:36:40] 下载newprocess: /data/www/newprocess/ => remotecomdir/softdir/newprocess/ 6.9M
[2016-11-12 17:36:40] 下载newprocess: /data/www/newprocess/common/ => remotecomdir/configuredir/newprocess/ 424K
[2016-11-12 17:36:41] 下载dispatch2: /data/www/dispatch/ => remotecomdir/softdir/dispatch2/ 35M
[2016-11-12 17:36:41] 下载dispatch2: /data/www/dispatch/WEB-INF/classes/conf/ => remotecomdir/configuredir/dispatch2/ 1.2M
[2016-11-12 17:36:42] 下载cwf: /data/www/workflow/ => remotecomdir/softdir/cwf/ 87M
[2016-11-12 17:36:42] 下载cwf: /data/www/workflow/WEB-INF/classes/config/ => remotecomdir/configuredir/cwf/ 44K
[2016-11-12 17:36:49] 下载mini-app: /data/www/html/ => remotecomdir/softdir/mini-app/ 47M
[2016-11-12 17:36:49] 下载mini-app: /data/www/html/ => remotecomdir/configuredir/mini-app/ 47M
[2016-11-12 17:36:52] 下载app-nginx1: /data/www/web/ => remotecomdir/softdir/app-nginx1/ 40M
[2016-11-12 17:36:52] 下载app-nginx1: /data/www/web/zhangzb/ => remotecomdir/configuredir/app-nginx1/ 40M
[2016-11-12 17:36:52] 下载app-nginx2: /data/www/web/ => remotecomdir/softdir/app-nginx2/ 40M
[2016-11-12 17:36:52] 下载app-nginx2: /data/www/web/zhangzb/ => remotecomdir/configuredir/app-nginx2/ 40M
